0 info it worked if it ends with ok
1 verbose cli [ 'C:\\Program Files\\nodejs\\node.exe',
1 verbose cli   'C:\\Program Files\\nodejs\\node_modules\\npm\\bin\\npm-cli.js',
1 verbose cli   'install',
1 verbose cli   '--save' ]
2 info using npm@3.10.10
3 info using node@v6.11.2
4 silly loadCurrentTree Starting
5 silly install loadCurrentTree
6 silly install readLocalPackageData
7 silly install normalizeTree
8 silly loadCurrentTree Finishing
9 silly loadIdealTree Starting
10 silly install loadIdealTree
11 silly cloneCurrentTree Starting
12 silly install cloneCurrentTreeToIdealTree
13 silly cloneCurrentTree Finishing
14 silly loadShrinkwrap Starting
15 silly install loadShrinkwrap
16 silly loadShrinkwrap Finishing
17 silly loadAllDepsIntoIdealTree Starting
18 silly install loadAllDepsIntoIdealTree
19 silly fetchOtherPackageData truffle-contract@github:/%5Eskozin%2Ftruffle-contract
20 silly cache add args [ 'truffle-contract@github:/%5Eskozin%2Ftruffle-contract',
20 silly cache add   null ]
21 verbose cache add spec truffle-contract@github:/%5Eskozin%2Ftruffle-contract
22 silly cache add parsed spec Result {
22 silly cache add   raw: 'truffle-contract@github:/%5Eskozin%2Ftruffle-contract',
22 silly cache add   scope: null,
22 silly cache add   escapedName: 'truffle-contract',
22 silly cache add   name: 'truffle-contract',
22 silly cache add   rawSpec: 'github:/%5Eskozin%2Ftruffle-contract',
22 silly cache add   spec: 'github:/%5Eskozin%2Ftruffle-contract',
22 silly cache add   type: 'hosted',
22 silly cache add   hosted:
22 silly cache add    { type: 'github',
22 silly cache add      ssh: 'git@github.com:/%5Eskozin%2Ftruffle-contract.git',
22 silly cache add      sshUrl: 'git+ssh://git@github.com//%5Eskozin%2Ftruffle-contract.git',
22 silly cache add      httpsUrl: 'git+https://github.com//%5Eskozin%2Ftruffle-contract.git',
22 silly cache add      gitUrl: 'git://github.com//%5Eskozin%2Ftruffle-contract.git',
22 silly cache add      shortcut: 'github:/%5Eskozin%2Ftruffle-contract',
22 silly cache add      directUrl: 'https://raw.githubusercontent.com//%5Eskozin%2Ftruffle-contract/master/package.json' } }
23 verbose addRemoteGit caching github:/%5Eskozin%2Ftruffle-contract
24 verbose addRemoteGit /%5Eskozin%2Ftruffle-contract is a repository hosted by github
25 silly tryGitProto attempting to clone git://github.com//%5Eskozin%2Ftruffle-contract.git
26 silly tryClone cloning /%5Eskozin%2Ftruffle-contract via git://github.com//%5Eskozin%2Ftruffle-contract.git
27 verbose tryClone git-github-com-5Eskozin-2Ftruffle-contract-git-3bf840d9 not in flight; caching
28 verbose correctMkdir C:\Users\sfehri\AppData\Roaming\npm-cache\_git-remotes correctMkdir not in flight; initializing
29 info git [ 'clone',
29 info git   '--template=C:\\Users\\sfehri\\AppData\\Roaming\\npm-cache\\_git-remotes\\_templates',
29 info git   '--mirror',
29 info git   'git://github.com//%5Eskozin%2Ftruffle-contract.git',
29 info git   'C:\\Users\\sfehri\\AppData\\Roaming\\npm-cache\\_git-remotes\\git-github-com-5Eskozin-2Ftruffle-contract-git-3bf840d9' ]
30 verbose git clone --template=C:\Users\sfehri\AppData\Roaming\npm-cache\_git-remotes\_templates --mirror git://github.com//%5Eskozin%2Ftruffle-contract.git C:\Users\sfehri\AppData\Roaming\npm-cache\_git-remotes\git-github-com-5Eskozin-2Ftruffle-contract-git-3bf840d9: Cloning into bare repository 'C:\Users\sfehri\AppData\Roaming\npm-cache\_git-remotes\git-github-com-5Eskozin-2Ftruffle-contract-git-3bf840d9'...
30 verbose git clone --template=C:\Users\sfehri\AppData\Roaming\npm-cache\_git-remotes\_templates --mirror git://github.com//%5Eskozin%2Ftruffle-contract.git C:\Users\sfehri\AppData\Roaming\npm-cache\_git-remotes\git-github-com-5Eskozin-2Ftruffle-contract-git-3bf840d9: fatal: remote error:
30 verbose git clone --template=C:\Users\sfehri\AppData\Roaming\npm-cache\_git-remotes\_templates --mirror git://github.com//%5Eskozin%2Ftruffle-contract.git C:\Users\sfehri\AppData\Roaming\npm-cache\_git-remotes\git-github-com-5Eskozin-2Ftruffle-contract-git-3bf840d9:   /^skozin/truffle-contract is not a valid repository name
30 verbose git clone --template=C:\Users\sfehri\AppData\Roaming\npm-cache\_git-remotes\_templates --mirror git://github.com//%5Eskozin%2Ftruffle-contract.git C:\Users\sfehri\AppData\Roaming\npm-cache\_git-remotes\git-github-com-5Eskozin-2Ftruffle-contract-git-3bf840d9:   Email support@github.com for help
31 silly tryHTTPS attempting to clone git+https://github.com//%5Eskozin%2Ftruffle-contract.git
32 silly tryClone cloning /%5Eskozin%2Ftruffle-contract via git+https://github.com//%5Eskozin%2Ftruffle-contract.git
33 verbose tryClone git-https-github-com-5Eskozin-2Ftruffle-contract-git-5b9dff4c not in flight; caching
34 verbose correctMkdir C:\Users\sfehri\AppData\Roaming\npm-cache\_git-remotes correctMkdir not in flight; initializing
35 info git [ 'clone',
35 info git   '--template=C:\\Users\\sfehri\\AppData\\Roaming\\npm-cache\\_git-remotes\\_templates',
35 info git   '--mirror',
35 info git   'https://github.com//%5Eskozin%2Ftruffle-contract.git',
35 info git   'C:\\Users\\sfehri\\AppData\\Roaming\\npm-cache\\_git-remotes\\git-https-github-com-5Eskozin-2Ftruffle-contract-git-5b9dff4c' ]
36 verbose git clone --template=C:\Users\sfehri\AppData\Roaming\npm-cache\_git-remotes\_templates --mirror https://github.com//%5Eskozin%2Ftruffle-contract.git C:\Users\sfehri\AppData\Roaming\npm-cache\_git-remotes\git-https-github-com-5Eskozin-2Ftruffle-contract-git-5b9dff4c: Cloning into bare repository 'C:\Users\sfehri\AppData\Roaming\npm-cache\_git-remotes\git-https-github-com-5Eskozin-2Ftruffle-contract-git-5b9dff4c'...
36 verbose git clone --template=C:\Users\sfehri\AppData\Roaming\npm-cache\_git-remotes\_templates --mirror https://github.com//%5Eskozin%2Ftruffle-contract.git C:\Users\sfehri\AppData\Roaming\npm-cache\_git-remotes\git-https-github-com-5Eskozin-2Ftruffle-contract-git-5b9dff4c: fatal: unable to access 'https://github.com//%5Eskozin%2Ftruffle-contract.git/': The requested URL returned error: 400
37 silly trySSH attempting to clone git@github.com:/%5Eskozin%2Ftruffle-contract.git
38 silly tryClone cloning /%5Eskozin%2Ftruffle-contract via git@github.com:/%5Eskozin%2Ftruffle-contract.git
39 verbose tryClone git-github-com-5Eskozin-2Ftruffle-contract-git-412edf9b not in flight; caching
40 verbose correctMkdir C:\Users\sfehri\AppData\Roaming\npm-cache\_git-remotes correctMkdir not in flight; initializing
41 info git [ 'clone',
41 info git   '--template=C:\\Users\\sfehri\\AppData\\Roaming\\npm-cache\\_git-remotes\\_templates',
41 info git   '--mirror',
41 info git   'git@github.com:/%5Eskozin%2Ftruffle-contract.git',
41 info git   'C:\\Users\\sfehri\\AppData\\Roaming\\npm-cache\\_git-remotes\\git-github-com-5Eskozin-2Ftruffle-contract-git-412edf9b' ]
42 error git clone --template=C:\Users\sfehri\AppData\Roaming\npm-cache\_git-remotes\_templates --mirror git@github.com:/%5Eskozin%2Ftruffle-contract.git C:\Users\sfehri\AppData\Roaming\npm-cache\_git-remotes\git-github-com-5Eskozin-2Ftruffle-contract-git-412edf9b: Cloning into bare repository 'C:\Users\sfehri\AppData\Roaming\npm-cache\_git-remotes\git-github-com-5Eskozin-2Ftruffle-contract-git-412edf9b'...
42 error git clone --template=C:\Users\sfehri\AppData\Roaming\npm-cache\_git-remotes\_templates --mirror git@github.com:/%5Eskozin%2Ftruffle-contract.git C:\Users\sfehri\AppData\Roaming\npm-cache\_git-remotes\git-github-com-5Eskozin-2Ftruffle-contract-git-412edf9b: Host key verification failed.
42 error git clone --template=C:\Users\sfehri\AppData\Roaming\npm-cache\_git-remotes\_templates --mirror git@github.com:/%5Eskozin%2Ftruffle-contract.git C:\Users\sfehri\AppData\Roaming\npm-cache\_git-remotes\git-github-com-5Eskozin-2Ftruffle-contract-git-412edf9b: fatal: Could not read from remote repository.
42 error git clone --template=C:\Users\sfehri\AppData\Roaming\npm-cache\_git-remotes\_templates --mirror git@github.com:/%5Eskozin%2Ftruffle-contract.git C:\Users\sfehri\AppData\Roaming\npm-cache\_git-remotes\git-github-com-5Eskozin-2Ftruffle-contract-git-412edf9b:
42 error git clone --template=C:\Users\sfehri\AppData\Roaming\npm-cache\_git-remotes\_templates --mirror git@github.com:/%5Eskozin%2Ftruffle-contract.git C:\Users\sfehri\AppData\Roaming\npm-cache\_git-remotes\git-github-com-5Eskozin-2Ftruffle-contract-git-412edf9b: Please make sure you have the correct access rights
42 error git clone --template=C:\Users\sfehri\AppData\Roaming\npm-cache\_git-remotes\_templates --mirror git@github.com:/%5Eskozin%2Ftruffle-contract.git C:\Users\sfehri\AppData\Roaming\npm-cache\_git-remotes\git-github-com-5Eskozin-2Ftruffle-contract-git-412edf9b: and the repository exists.
43 silly fetchPackageMetaData Error: Command failed: git -c core.longpaths=true clone --template=C:\Users\sfehri\AppData\Roaming\npm-cache\_git-remotes\_templates --mirror git@github.com:/%5Eskozin%2Ftruffle-contract.git C:\Users\sfehri\AppData\Roaming\npm-cache\_git-remotes\git-github-com-5Eskozin-2Ftruffle-contract-git-412edf9b
43 silly fetchPackageMetaData Cloning into bare repository 'C:\Users\sfehri\AppData\Roaming\npm-cache\_git-remotes\git-github-com-5Eskozin-2Ftruffle-contract-git-412edf9b'...
43 silly fetchPackageMetaData Host key verification failed.
43 silly fetchPackageMetaData fatal: Could not read from remote repository.
43 silly fetchPackageMetaData
43 silly fetchPackageMetaData Please make sure you have the correct access rights
43 silly fetchPackageMetaData and the repository exists.
43 silly fetchPackageMetaData
43 silly fetchPackageMetaData     at ChildProcess.exithandler (child_process.js:198:12)
43 silly fetchPackageMetaData     at emitTwo (events.js:106:13)
43 silly fetchPackageMetaData     at ChildProcess.emit (events.js:191:7)
43 silly fetchPackageMetaData     at maybeClose (internal/child_process.js:891:16)
43 silly fetchPackageMetaData     at Process.ChildProcess._handle.onexit (internal/child_process.js:226:5)
43 silly fetchPackageMetaData  error for truffle-contract@github:/%5Eskozin%2Ftruffle-contract { Error: Command failed: git -c core.longpaths=true clone --template=C:\Users\sfehri\AppData\Roaming\npm-cache\_git-remotes\_templates --mirror git@github.com:/%5Eskozin%2Ftruffle-contract.git C:\Users\sfehri\AppData\Roaming\npm-cache\_git-remotes\git-github-com-5Eskozin-2Ftruffle-contract-git-412edf9b
43 silly fetchPackageMetaData Cloning into bare repository 'C:\Users\sfehri\AppData\Roaming\npm-cache\_git-remotes\git-github-com-5Eskozin-2Ftruffle-contract-git-412edf9b'...
43 silly fetchPackageMetaData Host key verification failed.
43 silly fetchPackageMetaData fatal: Could not read from remote repository.
43 silly fetchPackageMetaData
43 silly fetchPackageMetaData Please make sure you have the correct access rights
43 silly fetchPackageMetaData and the repository exists.
43 silly fetchPackageMetaData
43 silly fetchPackageMetaData     at ChildProcess.exithandler (child_process.js:198:12)
43 silly fetchPackageMetaData     at emitTwo (events.js:106:13)
43 silly fetchPackageMetaData     at ChildProcess.emit (events.js:191:7)
43 silly fetchPackageMetaData     at maybeClose (internal/child_process.js:891:16)
43 silly fetchPackageMetaData     at Process.ChildProcess._handle.onexit (internal/child_process.js:226:5)
43 silly fetchPackageMetaData   killed: false,
43 silly fetchPackageMetaData   code: 128,
43 silly fetchPackageMetaData   signal: null,
43 silly fetchPackageMetaData   cmd: 'git -c core.longpaths=true clone --template=C:\\Users\\sfehri\\AppData\\Roaming\\npm-cache\\_git-remotes\\_templates --mirror git@github.com:/%5Eskozin%2Ftruffle-contract.git C:\\Users\\sfehri\\AppData\\Roaming\\npm-cache\\_git-remotes\\git-github-com-5Eskozin-2Ftruffle-contract-git-412edf9b' }
44 silly rollbackFailedOptional Starting
45 silly rollbackFailedOptional Finishing
46 silly runTopLevelLifecycles Finishing
47 silly install printInstalled
48 verbose stack Error: Command failed: git -c core.longpaths=true clone --template=C:\Users\sfehri\AppData\Roaming\npm-cache\_git-remotes\_templates --mirror git@github.com:/%5Eskozin%2Ftruffle-contract.git C:\Users\sfehri\AppData\Roaming\npm-cache\_git-remotes\git-github-com-5Eskozin-2Ftruffle-contract-git-412edf9b
48 verbose stack Cloning into bare repository 'C:\Users\sfehri\AppData\Roaming\npm-cache\_git-remotes\git-github-com-5Eskozin-2Ftruffle-contract-git-412edf9b'...
48 verbose stack Host key verification failed.
48 verbose stack fatal: Could not read from remote repository.
48 verbose stack
48 verbose stack Please make sure you have the correct access rights
48 verbose stack and the repository exists.
48 verbose stack
48 verbose stack     at ChildProcess.exithandler (child_process.js:198:12)
48 verbose stack     at emitTwo (events.js:106:13)
48 verbose stack     at ChildProcess.emit (events.js:191:7)
48 verbose stack     at maybeClose (internal/child_process.js:891:16)
48 verbose stack     at Process.ChildProcess._handle.onexit (internal/child_process.js:226:5)
49 verbose cwd C:\Users\sfehri\workspace\ngtest\angular4-truffle-starter-dapp
50 error Windows_NT 10.0.10586
51 error argv "C:\\Program Files\\nodejs\\node.exe" "C:\\Program Files\\nodejs\\node_modules\\npm\\bin\\npm-cli.js" "install" "--save"
52 error node v6.11.2
53 error npm  v3.10.10
54 error code 128
55 error Command failed: git -c core.longpaths=true clone --template=C:\Users\sfehri\AppData\Roaming\npm-cache\_git-remotes\_templates --mirror git@github.com:/%5Eskozin%2Ftruffle-contract.git C:\Users\sfehri\AppData\Roaming\npm-cache\_git-remotes\git-github-com-5Eskozin-2Ftruffle-contract-git-412edf9b
55 error Cloning into bare repository 'C:\Users\sfehri\AppData\Roaming\npm-cache\_git-remotes\git-github-com-5Eskozin-2Ftruffle-contract-git-412edf9b'...
55 error Host key verification failed.
55 error fatal: Could not read from remote repository.
55 error
55 error Please make sure you have the correct access rights
55 error and the repository exists.
56 error If you need help, you may report this error at:
56 error     <https://github.com/npm/npm/issues>
57 verbose exit [ 1, true ]
